#
# There is insufficient memory for the Java Runtime Environment to continue.
# Native memory allocation (malloc) failed to allocate 65552 bytes for Chunk::new
# Possible reasons:
#   The system is out of physical RAM or swap space
#   The process is running with CompressedOops enabled, and the Java Heap may be blocking the growth of the native heap
# Possible solutions:
#   Reduce memory load on the system
#   Increase physical memory or swap space
#   Check if swap backing store is full
#   Decrease Java heap size (-Xmx/-Xms)
#   Decrease number of Java threads
#   Decrease Java thread stack sizes (-Xss)
#   Set larger code cache with -XX:ReservedCodeCacheSize=
#   JVM is running with Unscaled Compressed Oops mode in which the Java heap is
#     placed in the first 4GB address space. The Java Heap base address is the
#     maximum limit for the native heap growth. Please use -XX:HeapBaseMinAddress
#     to set the Java Heap base and to place the Java Heap above 4GB virtual address.
# This output file may be truncated or incomplete.
#
#  Out of Memory Error (./src/hotspot/share/memory/arena.cpp:197), pid=11504, tid=6840
#
# JRE version: OpenJDK Runtime Environment AdoptOpenJDK (11.0.10+9) (build 11.0.10+9)
# Java VM: OpenJDK 64-Bit Server VM AdoptOpenJDK (11.0.10+9, mixed mode, tiered, compressed oops, parallel gc, windows-amd64)
# No core dump will be written. Minidumps are not enabled by default on client versions of Windows
#

---------------  S U M M A R Y ------------

Command Line: --add-modules=ALL-SYSTEM --add-opens=java.base/java.util=ALL-UNNAMED --add-opens=java.base/java.lang=ALL-UNNAMED -Declipse.application=org.eclipse.jdt.ls.core.id1 -Dosgi.bundles.defaultStartLevel=4 -Declipse.product=org.eclipse.jdt.ls.core.product -Dfile.encoding=utf8 -DwatchParentProcess=false -XX:+UseParallelGC -XX:GCTimeRatio=4 -XX:AdaptiveSizePolicyWeight=90 -Dsun.zip.disableMemoryMapping=true -Xmx1G -Xms100m -Xverify:none c:\Users\PC\.vscode\extensions\redhat.java-0.76.0\server\plugins\org.eclipse.equinox.launcher_1.6.100.v20201223-0822.jar -configuration c:\Users\PC\AppData\Roaming\Code\User\globalStorage\redhat.java\0.76.0\config_win -data c:\Users\PC\AppData\Roaming\Code\User\workspaceStorage\0a6a7375618538f81f37d181b7356574\redhat.java\jdt_ws

Host: Intel(R) Core(TM) i5-6200U CPU @ 2.30GHz, 4 cores, 7G,  Windows 10 , 64 bit Build 18362 (10.0.18362.1350)
Time: Fri Mar 12 09:16:12 2021 ?D1¨²¡À¨º¡Á?¨º¡À?? elapsed time: 17.107322 seconds (0d 0h 0m 17s)

---------------  T H R E A D  ---------------

Current thread (0x00000270d7a07800):  JavaThread "C2 CompilerThread0" daemon [_thread_in_native, id=6840, stack(0x0000008fa4a00000,0x0000008fa4b00000)]


Current CompileTask:
C2:  17107 3583   !   4       org.eclipse.osgi.internal.loader.classpath.ClasspathManager::findLocalClass (210 bytes)

Stack: [0x0000008fa4a00000,0x0000008fa4b00000]
Native frames: (J=compiled Java code, j=interpreted, Vv=VM code, C=native code)
V  [jvm.dll+0x5f35ea]
V  [jvm.dll+0x77c65e]
V  [jvm.dll+0x77dd2f]
V  [jvm.dll+0x77e3f3]
V  [jvm.dll+0x246c38]
V  [jvm.dll+0xbe6cc]
V  [jvm.dll+0xbe83d]
V  [jvm.dll+0x5d179f]
V  [jvm.dll+0x508b82]
V  [jvm.dll+0x507fa0]
V  [jvm.dll+0x201ce7]
V  [jvm.dll+0x1ff5ef]
V  [jvm.dll+0x1846bc]
V  [jvm.dll+0x20ec37]
V  [jvm.dll+0x20ce1b]
V  [jvm.dll+0x740b39]
V  [jvm.dll+0x739ba4]
V  [jvm.dll+0x5f2466]
C  [ucrtbase.dll+0x210b2]
C  [KERNEL32.DLL+0x17c24]
C  [ntdll.dll+0x6d721]


---------------  P R O C E S S  ---------------

Threads class SMR info:
_java_thread_list=0x00000270da5e99f0, length=31, elements={
0x00000270bd94a800, 0x00000270d79d0800, 0x00000270d79d1800, 0x00000270d7a01800,
0x00000270d7a05800, 0x00000270d7a06800, 0x00000270d7a07800, 0x00000270d7a08800,
0x00000270d8ab4000, 0x00000270d8b48800, 0x00000270d8e2c000, 0x00000270d917a800,
0x00000270d917d000, 0x00000270d9588000, 0x00000270d9914000, 0x00000270d99a0800,
0x00000270d9976000, 0x00000270d9976800, 0x00000270d912a800, 0x00000270d9126800,
0x00000270d9128000, 0x00000270d9129800, 0x00000270d912b800, 0x00000270d9125800,
0x00000270d912c000, 0x00000270d9127800, 0x00000270d9129000, 0x00000270dc17d000,
0x00000270dc17a000, 0x00000270dc17c800, 0x00000270dc17e000
}

Java Threads: ( => current thread )
  0x00000270bd94a800 JavaThread "main" [_thread_blocked, id=12096, stack(0x0000008fa4200000,0x0000008fa4300000)]
  0x00000270d79d0800 JavaThread "Reference Handler" daemon [_thread_blocked, id=6552, stack(0x0000008fa4500000,0x0000008fa4600000)]
  0x00000270d79d1800 JavaThread "Finalizer" daemon [_thread_blocked, id=9040, stack(0x0000008fa4600000,0x0000008fa4700000)]
  0x00000270d7a01800 JavaThread "Signal Dispatcher" daemon [_thread_blocked, id=11984, stack(0x0000008fa4700000,0x0000008fa4800000)]
  0x00000270d7a05800 JavaThread "Attach Listener" daemon [_thread_blocked, id=13100, stack(0x0000008fa4800000,0x0000008fa4900000)]
  0x00000270d7a06800 JavaThread "Service Thread" daemon [_thread_blocked, id=8548, stack(0x0000008fa4900000,0x0000008fa4a00000)]
=>0x00000270d7a07800 JavaThread "C2 CompilerThread0" daemon [_thread_in_native, id=6840, stack(0x0000008fa4a00000,0x0000008fa4b00000)]
  0x00000270d7a08800 JavaThread "C1 CompilerThread0" daemon [_thread_blocked, id=24552, stack(0x0000008fa4b00000,0x0000008fa4c00000)]
  0x00000270d8ab4000 JavaThread "Sweeper thread" daemon [_thread_blocked, id=7224, stack(0x0000008fa4c00000,0x0000008fa4d00000)]
  0x00000270d8b48800 JavaThread "Common-Cleaner" daemon [_thread_blocked, id=9036, stack(0x0000008fa4d00000,0x0000008fa4e00000)]
  0x00000270d8e2c000 JavaThread "Active Thread: Equinox Container: 4a4b725c-36d4-4cca-a307-80a8d240f935" [_thread_blocked, id=17876, stack(0x0000008fa4f00000,0x0000008fa5000000)]
  0x00000270d917a800 JavaThread "Framework Event Dispatcher: Equinox Container: 4a4b725c-36d4-4cca-a307-80a8d240f935" daemon [_thread_blocked, id=14188, stack(0x0000008fa5000000,0x0000008fa5100000)]
  0x00000270d917d000 JavaThread "Start Level: Equinox Container: 4a4b725c-36d4-4cca-a307-80a8d240f935" daemon [_thread_in_native, id=22124, stack(0x0000008fa5100000,0x0000008fa5200000)]
  0x00000270d9588000 JavaThread "SCR Component Actor" daemon [_thread_blocked, id=11636, stack(0x0000008fa5500000,0x0000008fa5600000)]
  0x00000270d9914000 JavaThread "Bundle File Closer" daemon [_thread_blocked, id=24740, stack(0x0000008fa5700000,0x0000008fa5800000)]
  0x00000270d99a0800 JavaThread "Worker-JM" [_thread_blocked, id=6908, stack(0x0000008fa5800000,0x0000008fa5900000)]
  0x00000270d9976000 JavaThread "Worker-0: Refreshing workspace" [_thread_in_native, id=5328, stack(0x0000008fa5900000,0x0000008fa5a00000)]
  0x00000270d9976800 JavaThread "Worker-1: Processing Java changes since last activation" [_thread_blocked, id=1064, stack(0x0000008fa5a00000,0x0000008fa5b00000)]
  0x00000270d912a800 JavaThread "Java indexing" daemon [_thread_blocked, id=21700, stack(0x0000008fa5b00000,0x0000008fa5c00000)]
  0x00000270d9126800 JavaThread "Worker-2: Initialize external folders" [_thread_blocked, id=22892, stack(0x0000008fa5c00000,0x0000008fa5d00000)]
  0x00000270d9128000 JavaThread "logback configurator timer" daemon [_thread_blocked, id=14936, stack(0x0000008fa5600000,0x0000008fa5700000)]
  0x00000270d9129800 JavaThread "Worker-3: Updating Maven Dependencies" [_thread_blocked, id=18276, stack(0x0000008fa5d00000,0x0000008fa5e00000)]
  0x00000270d912b800 JavaThread "pool-2-thread-1" [_thread_blocked, id=11592, stack(0x0000008fa5e00000,0x0000008fa5f00000)]
  0x00000270d9125800 JavaThread "Worker-4: Repository registry initialization" [_thread_in_Java, id=18736, stack(0x0000008fa5f00000,0x0000008fa6000000)]
  0x00000270d912c000 JavaThread "Worker-5: Register Watchers" [_thread_blocked, id=3824, stack(0x0000008fa6000000,0x0000008fa6100000)]
  0x00000270d9127800 JavaThread "Equinox resolver thread - Equinox Container: 4a4b725c-36d4-4cca-a307-80a8d240f935" daemon [_thread_blocked, id=11864, stack(0x0000008fa6100000,0x0000008fa6200000)]
  0x00000270d9129000 JavaThread "Equinox resolver thread - Equinox Container: 4a4b725c-36d4-4cca-a307-80a8d240f935" daemon [_thread_blocked, id=25964, stack(0x0000008fa6200000,0x0000008fa6300000)]
  0x00000270dc17d000 JavaThread "Equinox resolver thread - Equinox Container: 4a4b725c-36d4-4cca-a307-80a8d240f935" daemon [_thread_blocked, id=5952, stack(0x0000008fa6300000,0x0000008fa6400000)]
  0x00000270dc17a000 JavaThread "Equinox resolver thread - Equinox Container: 4a4b725c-36d4-4cca-a307-80a8d240f935" daemon [_thread_blocked, id=25644, stack(0x0000008fa6400000,0x0000008fa6500000)]
  0x00000270dc17c800 JavaThread "Worker-6: Updating workspace" [_thread_blocked, id=15936, stack(0x0000008fa6500000,0x0000008fa6600000)]
  0x00000270dc17e000 JavaThread "Worker-7" [_thread_blocked, id=17596, stack(0x0000008fa6600000,0x0000008fa6700000)]

Other Threads:
  0x00000270bda17800 VMThread "VM Thread" [stack: 0x0000008fa4400000,0x0000008fa4500000] [id=20988]
  0x00000270d8ca3000 WatcherThread [stack: 0x0000008fa4e00000,0x0000008fa4f00000] [id=25656]
  0x00000270bd965800 GCTaskThread "ParGC Thread#0" [stack: 0x0000008fa4300000,0x0000008fa4400000] [id=26568]
  0x00000270d8f56000 GCTaskThread "ParGC Thread#1" [stack: 0x0000008fa5200000,0x0000008fa5300000] [id=21660]
  0x00000270d8f57000 GCTaskThread "ParGC Thread#2" [stack: 0x0000008fa5300000,0x0000008fa5400000] [id=1632]
  0x00000270d8bab000 GCTaskThread "ParGC Thread#3" [stack: 0x0000008fa5400000,0x0000008fa5500000] [id=12628]

Threads with active compile tasks:
C2 CompilerThread0  17204 3583   !   4       org.eclipse.osgi.internal.loader.classpath.ClasspathManager::findLocalClass (210 bytes)

VM state:not at safepoint (normal execution)

VM Mutex/Monitor currently owned by a thread: None

Heap address: 0x00000000c0000000, size: 1024 MB, Compressed Oops mode: 32-bit
Narrow klass base: 0x0000000000000000, Narrow klass shift: 3
Compressed class space size: 1073741824 Address: 0x0000000100000000

Heap:
 PSYoungGen      total 30208K, used 7431K [0x00000000eab00000, 0x00000000ecd00000, 0x0000000100000000)
  eden space 25600K, 11% used [0x00000000eab00000,0x00000000eadc5c78,0x00000000ec400000)
  from space 4608K, 99% used [0x00000000ec880000,0x00000000eccfc018,0x00000000ecd00000)
  to   space 4096K, 0% used [0x00000000ec400000,0x00000000ec400000,0x00000000ec800000)
 ParOldGen       total 68608K, used 14481K [0x00000000c0000000, 0x00000000c4300000, 0x00000000eab00000)
  object space 68608K, 21% used [0x00000000c0000000,0x00000000c0e24438,0x00000000c4300000)
 Metaspace       used 36498K, capacity 38507K, committed 38616K, reserved 1083392K
  class space    used 3675K, capacity 4308K, committed 4352K, reserved 1048576K

Card table byte_map: [0x00000270bd300000,0x00000270bd510000] _byte_map_base: 0x00000270bcd00000

Marking Bits: (ParMarkBitMap*) 0x00007ffe564370c0
 Begin Bits: [0x00000270d5030000, 0x00000270d6030000)
 End Bits:   [0x00000270d6030000, 0x00000270d7030000)

Polling page: 0x00000270bb800000

Metaspace:

Usage:
  Non-class:     33.40 MB capacity,    32.05 MB ( 96%) used,     1.28 MB (  4%) free+waste,    70.06 KB ( <1%) overhead. 
      Class:      4.21 MB capacity,     3.59 MB ( 85%) used,   598.79 KB ( 14%) free+waste,    33.81 KB ( <1%) overhead. 
       Both:     37.60 MB capacity,    35.64 MB ( 95%) used,     1.86 MB (  5%) free+waste,   103.88 KB ( <1%) overhead. 

Virtual space:
  Non-class space:       34.00 MB reserved,      33.46 MB ( 98%) committed 
      Class space:        1.00 GB reserved,       4.25 MB ( <1%) committed 
             Both:        1.03 GB reserved,      37.71 MB (  4%) committed 

Chunk freelists:
   Non-Class:  1.00 KB
       Class:  12.00 KB
        Both:  13.00 KB

MaxMetaspaceSize: 17179869184.00 GB
CompressedClassSpaceSize: 1.00 GB

CodeHeap 'non-profiled nmethods': size=120064Kb used=1302Kb max_used=1302Kb free=118761Kb
 bounds [0x00000270cdaf0000, 0x00000270cdd60000, 0x00000270d5030000]
CodeHeap 'profiled nmethods': size=120000Kb used=8046Kb max_used=8046Kb free=111953Kb
 bounds [0x00000270c65c0000, 0x00000270c6da0000, 0x00000270cdaf0000]
CodeHeap 'non-nmethods': size=5696Kb used=1180Kb max_used=1230Kb free=4516Kb
 bounds [0x00000270c6030000, 0x00000270c62a0000, 0x00000270c65c0000]
 total_blobs=4129 nmethods=3597 adapters=445
 compilation: enabled
              stopped_count=0, restarted_count=0
 full_count=0

Compilation events (20 events):
Event: 17.057 Thread 0x00000270d7a08800 3593       3       java.util.concurrent.atomic.AtomicReferenceArray::length (6 bytes)
Event: 17.057 Thread 0x00000270d7a08800 nmethod 3593 0x00000270c6d8d210 code [0x00000270c6d8d3c0, 0x00000270c6d8d4d8]
Event: 17.060 Thread 0x00000270d7a08800 3594   !   2       java.lang.reflect.Executable::declaredAnnotations (85 bytes)
Event: 17.061 Thread 0x00000270d7a08800 nmethod 3594 0x00000270c6d8d590 code [0x00000270c6d8d7a0, 0x00000270c6d8dc08]
Event: 17.061 Thread 0x00000270d7a08800 3595   !   3       com.google.inject.spi.InjectionPoint::getInjectionPoints (489 bytes)
Event: 17.067 Thread 0x00000270d7a08800 nmethod 3595 0x00000270c6d8df10 code [0x00000270c6d8e540, 0x00000270c6d917a8]
Event: 17.069 Thread 0x00000270d7a08800 3596       3       com.google.inject.internal.Errors::hasErrors (16 bytes)
Event: 17.069 Thread 0x00000270d7a08800 nmethod 3596 0x00000270c6d92c90 code [0x00000270c6d92e40, 0x00000270c6d92fb8]
Event: 17.069 Thread 0x00000270d7a08800 3597       3       java.util.ArrayList::set (24 bytes)
Event: 17.070 Thread 0x00000270d7a08800 nmethod 3597 0x00000270c6d93090 code [0x00000270c6d932c0, 0x00000270c6d93b68]
Event: 17.070 Thread 0x00000270d7a08800 3598       3       com.google.inject.TypeLiteral::getSupertype (35 bytes)
Event: 17.070 Thread 0x00000270d7a08800 nmethod 3598 0x00000270c6d93e90 code [0x00000270c6d940e0, 0x00000270c6d94858]
Event: 17.073 Thread 0x00000270d7a08800 3600       3       sun.reflect.annotation.AnnotationParser::parseAnnotations2 (135 bytes)
Event: 17.075 Thread 0x00000270d7a08800 nmethod 3600 0x00000270c6d94b10 code [0x00000270c6d94f00, 0x00000270c6d96838]
Event: 17.075 Thread 0x00000270d7a08800 3601       3       java.util.HashMap::values (25 bytes)
Event: 17.075 Thread 0x00000270d7a08800 nmethod 3601 0x00000270c6d97310 code [0x00000270c6d974e0, 0x00000270c6d977b8]
Event: 17.075 Thread 0x00000270d7a08800 3602       3       java.util.HashMap$Values::iterator (12 bytes)
Event: 17.076 Thread 0x00000270d7a08800 nmethod 3602 0x00000270c6d97910 code [0x00000270c6d97ae0, 0x00000270c6d97d08]
Event: 17.094 Thread 0x00000270d7a08800 3603       3       java.io.FileOutputStream::write (20 bytes)
Event: 17.095 Thread 0x00000270d7a08800 nmethod 3603 0x00000270c6d97e10 code [0x00000270c6d97fe0, 0x00000270c6d98188]

GC Heap History (16 events):
Event: 6.411 GC heap before
{Heap before GC invocations=1 (full 0):
 PSYoungGen      total 29696K, used 25600K [0x00000000eab00000, 0x00000000ecc00000, 0x0000000100000000)
  eden space 25600K, 100% used [0x00000000eab00000,0x00000000ec400000,0x00000000ec400000)
  from space 4096K, 0% used [0x00000000ec800000,0x00000000ec800000,0x00000000ecc00000)
  to   space 4096K, 0% used [0x00000000ec400000,0x00000000ec400000,0x00000000ec800000)
 ParOldGen       total 68608K, used 0K [0x00000000c0000000, 0x00000000c4300000, 0x00000000eab00000)
  object space 68608K, 0% used [0x00000000c0000000,0x00000000c0000000,0x00000000c4300000)
 Metaspace       used 13220K, capacity 13501K, committed 13696K, reserved 1060864K
  class space    used 1211K, capacity 1286K, committed 1408K, reserved 1048576K
}
Event: 6.425 GC heap after
{Heap after GC invocations=1 (full 0):
 PSYoungGen      total 29696K, used 4074K [0x00000000eab00000, 0x00000000ecc00000, 0x0000000100000000)
  eden space 25600K, 0% used [0x00000000eab00000,0x00000000eab00000,0x00000000ec400000)
  from space 4096K, 99% used [0x00000000ec400000,0x00000000ec7fab30,0x00000000ec800000)
  to   space 4096K, 0% used [0x00000000ec800000,0x00000000ec800000,0x00000000ecc00000)
 ParOldGen       total 68608K, used 590K [0x00000000c0000000, 0x00000000c4300000, 0x00000000eab00000)
  object space 68608K, 0% used [0x00000000c0000000,0x00000000c0093810,0x00000000c4300000)
 Metaspace       used 13220K, capacity 13501K, committed 13696K, reserved 1060864K
  class space    used 1211K, capacity 1286K, committed 1408K, reserved 1048576K
}
Event: 9.860 GC heap before
{Heap before GC invocations=2 (full 0):
 PSYoungGen      total 29696K, used 27529K [0x00000000eab00000, 0x00000000ecc00000, 0x0000000100000000)
  eden space 25600K, 91% used [0x00000000eab00000,0x00000000ec1e7be8,0x00000000ec400000)
  from space 4096K, 99% used [0x00000000ec400000,0x00000000ec7fab30,0x00000000ec800000)
  to   space 4096K, 0% used [0x00000000ec800000,0x00000000ec800000,0x00000000ecc00000)
 ParOldGen       total 68608K, used 590K [0x00000000c0000000, 0x00000000c4300000, 0x00000000eab00000)
  object space 68608K, 0% used [0x00000000c0000000,0x00000000c0093810,0x00000000c4300000)
 Metaspace       used 20236K, capacity 21121K, committed 21248K, reserved 1069056K
  class space    used 1887K, capacity 2227K, committed 2304K, reserved 1048576K
}
Event: 9.878 GC heap after
{Heap after GC invocations=2 (full 0):
 PSYoungGen      total 29696K, used 4090K [0x00000000eab00000, 0x00000000ecc00000, 0x0000000100000000)
  eden space 25600K, 0% used [0x00000000eab00000,0x00000000eab00000,0x00000000ec400000)
  from space 4096K, 99% used [0x00000000ec800000,0x00000000ecbfebe8,0x00000000ecc00000)
  to   space 4096K, 0% used [0x00000000ec400000,0x00000000ec400000,0x00000000ec800000)
 ParOldGen       total 68608K, used 5434K [0x00000000c0000000, 0x00000000c4300000, 0x00000000eab00000)
  object space 68608K, 7% used [0x00000000c0000000,0x00000000c054ea78,0x00000000c4300000)
 Metaspace       used 20236K, capacity 21121K, committed 21248K, reserved 1069056K
  class space    used 1887K, capacity 2227K, committed 2304K, reserved 1048576K
}
Event: 9.878 GC heap before
{Heap before GC invocations=3 (full 1):
 PSYoungGen      total 29696K, used 4090K [0x00000000eab00000, 0x00000000ecc00000, 0x0000000100000000)
  eden space 25600K, 0% used [0x00000000eab00000,0x00000000eab00000,0x00000000ec400000)
  from space 4096K, 99% used [0x00000000ec800000,0x00000000ecbfebe8,0x00000000ecc00000)
  to   space 4096K, 0% used [0x00000000ec400000,0x00000000ec400000,0x00000000ec800000)
 ParOldGen       total 68608K, used 5434K [0x00000000c0000000, 0x00000000c4300000, 0x00000000eab00000)
  object space 68608K, 7% used [0x00000000c0000000,0x00000000c054ea78,0x00000000c4300000)
 Metaspace       used 20236K, capacity 21121K, committed 21248K, reserved 1069056K
  class space    used 1887K, capacity 2227K, committed 2304K, reserved 1048576K
}
Event: 10.048 GC heap after
{Heap after GC invocations=3 (full 1):
 PSYoungGen      total 29696K, used 0K [0x00000000eab00000, 0x00000000ecc00000, 0x0000000100000000)
  eden space 25600K, 0% used [0x00000000eab00000,0x00000000eab00000,0x00000000ec400000)
  from space 4096K, 0% used [0x00000000ec800000,0x00000000ec800000,0x00000000ecc00000)
  to   space 4096K, 0% used [0x00000000ec400000,0x00000000ec400000,0x00000000ec800000)
 ParOldGen       total 68608K, used 9384K [0x00000000c0000000, 0x00000000c4300000, 0x00000000eab00000)
  object space 68608K, 13% used [0x00000000c0000000,0x00000000c092a268,0x00000000c4300000)
 Metaspace       used 20236K, capacity 21121K, committed 21248K, reserved 1069056K
  class space    used 1887K, capacity 2227K, committed 2304K, reserved 1048576K
}
Event: 12.747 GC heap before
{Heap before GC invocations=4 (full 1):
 PSYoungGen      total 29696K, used 25600K [0x00000000eab00000, 0x00000000ecc00000, 0x0000000100000000)
  eden space 25600K, 100% used [0x00000000eab00000,0x00000000ec400000,0x00000000ec400000)
  from space 4096K, 0% used [0x00000000ec800000,0x00000000ec800000,0x00000000ecc00000)
  to   space 4096K, 0% used [0x00000000ec400000,0x00000000ec400000,0x00000000ec800000)
 ParOldGen       total 68608K, used 9384K [0x00000000c0000000, 0x00000000c4300000, 0x00000000eab00000)
  object space 68608K, 13% used [0x00000000c0000000,0x00000000c092a268,0x00000000c4300000)
 Metaspace       used 26153K, capacity 27696K, committed 27904K, reserved 1075200K
  class space    used 2415K, capacity 2945K, committed 3072K, reserved 1048576K
}
Event: 12.790 GC heap after
{Heap after GC invocations=4 (full 1):
 PSYoungGen      total 29696K, used 2551K [0x00000000eab00000, 0x00000000ecc00000, 0x0000000100000000)
  eden space 25600K, 0% used [0x00000000eab00000,0x00000000eab00000,0x00000000ec400000)
  from space 4096K, 62% used [0x00000000ec400000,0x00000000ec67dec0,0x00000000ec800000)
  to   space 4096K, 0% used [0x00000000ec800000,0x00000000ec800000,0x00000000ecc00000)
 ParOldGen       total 68608K, used 9384K [0x00000000c0000000, 0x00000000c4300000, 0x00000000eab00000)
  object space 68608K, 13% used [0x00000000c0000000,0x00000000c092a268,0x00000000c4300000)
 Metaspace       used 26153K, capacity 27696K, committed 27904K, reserved 1075200K
  class space    used 2415K, capacity 2945K, committed 3072K, reserved 1048576K
}
Event: 15.469 GC heap before
{Heap before GC invocations=5 (full 1):
 PSYoungGen      total 29696K, used 28149K [0x00000000eab00000, 0x00000000ecc00000, 0x0000000100000000)
  eden space 25600K, 99% used [0x00000000eab00000,0x00000000ec3ff900,0x00000000ec400000)
  from space 4096K, 62% used [0x00000000ec400000,0x00000000ec67dec0,0x00000000ec800000)
  to   space 4096K, 0% used [0x00000000ec800000,0x00000000ec800000,0x00000000ecc00000)
 ParOldGen       total 68608K, used 9384K [0x00000000c0000000, 0x00000000c4300000, 0x00000000eab00000)
  object space 68608K, 13% used [0x00000000c0000000,0x00000000c092a268,0x00000000c4300000)
 Metaspace       used 32735K, capacity 34569K, committed 34816K, reserved 1081344K
  class space    used 3215K, capacity 3831K, committed 3840K, reserved 1048576K
}
Event: 15.531 GC heap after
{Heap after GC invocations=5 (full 1):
 PSYoungGen      total 29696K, used 4078K [0x00000000eab00000, 0x00000000ecc00000, 0x0000000100000000)
  eden space 25600K, 0% used [0x00000000eab00000,0x00000000eab00000,0x00000000ec400000)
  from space 4096K, 99% used [0x00000000ec800000,0x00000000ecbfba98,0x00000000ecc00000)
  to   space 4096K, 0% used [0x00000000ec400000,0x00000000ec400000,0x00000000ec800000)
 ParOldGen       total 68608K, used 10025K [0x00000000c0000000, 0x00000000c4300000, 0x00000000eab00000)
  object space 68608K, 14% used [0x00000000c0000000,0x00000000c09ca628,0x00000000c4300000)
 Metaspace       used 32735K, capacity 34569K, committed 34816K, reserved 1081344K
  class space    used 3215K, capacity 3831K, committed 3840K, reserved 1048576K
}
Event: 15.791 GC heap before
{Heap before GC invocations=6 (full 1):
 PSYoungGen      total 29696K, used 8845K [0x00000000eab00000, 0x00000000ecc00000, 0x0000000100000000)
  eden space 25600K, 18% used [0x00000000eab00000,0x00000000eafa7c00,0x00000000ec400000)
  from space 4096K, 99% used [0x00000000ec800000,0x00000000ecbfba98,0x00000000ecc00000)
  to   space 4096K, 0% used [0x00000000ec400000,0x00000000ec400000,0x00000000ec800000)
 ParOldGen       total 68608K, used 10025K [0x00000000c0000000, 0x00000000c4300000, 0x00000000eab00000)
  object space 68608K, 14% used [0x00000000c0000000,0x00000000c09ca628,0x00000000c4300000)
 Metaspace       used 33582K, capacity 35361K, committed 35416K, reserved 1081344K
  class space    used 3332K, capacity 3966K, committed 3968K, reserved 1048576K
}
Event: 15.804 GC heap after
{Heap after GC invocations=6 (full 1):
 PSYoungGen      total 29696K, used 4069K [0x00000000eab00000, 0x00000000ecd00000, 0x0000000100000000)
  eden space 25600K, 0% used [0x00000000eab00000,0x00000000eab00000,0x00000000ec400000)
  from space 4096K, 99% used [0x00000000ec400000,0x00000000ec7f95e8,0x00000000ec800000)
  to   space 4608K, 0% used [0x00000000ec880000,0x00000000ec880000,0x00000000ecd00000)
 ParOldGen       total 68608K, used 10482K [0x00000000c0000000, 0x00000000c4300000, 0x00000000eab00000)
  object space 68608K, 15% used [0x00000000c0000000,0x00000000c0a3ca68,0x00000000c4300000)
 Metaspace       used 33582K, capacity 35361K, committed 35416K, reserved 1081344K
  class space    used 3332K, capacity 3966K, committed 3968K, reserved 1048576K
}
Event: 15.804 GC heap before
{Heap before GC invocations=7 (full 2):
 PSYoungGen      total 29696K, used 4069K [0x00000000eab00000, 0x00000000ecd00000, 0x0000000100000000)
  eden space 25600K, 0% used [0x00000000eab00000,0x00000000eab00000,0x00000000ec400000)
  from space 4096K, 99% used [0x00000000ec400000,0x00000000ec7f95e8,0x00000000ec800000)
  to   space 4608K, 0% used [0x00000000ec880000,0x00000000ec880000,0x00000000ecd00000)
 ParOldGen       total 68608K, used 10482K [0x00000000c0000000, 0x00000000c4300000, 0x00000000eab00000)
  object space 68608K, 15% used [0x00000000c0000000,0x00000000c0a3ca68,0x00000000c4300000)
 Metaspace       used 33582K, capacity 35361K, committed 35416K, reserved 1081344K
  class space    used 3332K, capacity 3966K, committed 3968K, reserved 1048576K
}
Event: 15.994 GC heap after
{Heap after GC invocations=7 (full 2):
 PSYoungGen      total 29696K, used 0K [0x00000000eab00000, 0x00000000ecd00000, 0x0000000100000000)
  eden space 25600K, 0% used [0x00000000eab00000,0x00000000eab00000,0x00000000ec400000)
  from space 4096K, 0% used [0x00000000ec400000,0x00000000ec400000,0x00000000ec800000)
  to   space 4608K, 0% used [0x00000000ec880000,0x00000000ec880000,0x00000000ecd00000)
 ParOldGen       total 68608K, used 12988K [0x00000000c0000000, 0x00000000c4300000, 0x00000000eab00000)
  object space 68608K, 18% used [0x00000000c0000000,0x00000000c0caf210,0x00000000c4300000)
 Metaspace       used 33582K, capacity 35361K, committed 35416K, reserved 1081344K
  class space    used 3332K, capacity 3966K, committed 3968K, reserved 1048576K
}
Event: 17.001 GC heap before
{Heap before GC invocations=8 (full 2):
 PSYoungGen      total 29696K, used 25600K [0x00000000eab00000, 0x00000000ecd00000, 0x0000000100000000)
  eden space 25600K, 100% used [0x00000000eab00000,0x00000000ec400000,0x00000000ec400000)
  from space 4096K, 0% used [0x00000000ec400000,0x00000000ec400000,0x00000000ec800000)
  to   space 4608K, 0% used [0x00000000ec880000,0x00000000ec880000,0x00000000ecd00000)
 ParOldGen       total 68608K, used 12988K [0x00000000c0000000, 0x00000000c4300000, 0x00000000eab00000)
  object space 68608K, 18% used [0x00000000c0000000,0x00000000c0caf210,0x00000000c4300000)
 Metaspace       used 35988K, capacity 37983K, committed 38104K, reserved 1083392K
  class space    used 3609K, capacity 4241K, committed 4352K, reserved 1048576K
}
Event: 17.008 GC heap after
{Heap after GC invocations=8 (full 2):
 PSYoungGen      total 30208K, used 4592K [0x00000000eab00000, 0x00000000ecd00000, 0x0000000100000000)
  eden space 25600K, 0% used [0x00000000eab00000,0x00000000eab00000,0x00000000ec400000)
  from space 4608K, 99% used [0x00000000ec880000,0x00000000eccfc018,0x00000000ecd00000)
  to   space 4096K, 0% used [0x00000000ec400000,0x00000000ec400000,0x00000000ec800000)
 ParOldGen       total 68608K, used 14481K [0x00000000c0000000, 0x00000000c4300000, 0x00000000eab00000)
  object space 68608K, 21% used [0x00000000c0000000,0x00000000c0e24438,0x00000000c4300000)
 Metaspace       used 35988K, capacity 37983K, committed 38104K, reserved 1083392K
  class space    used 3609K, capacity 4241K, committed 4352K, reserved 1048576K
}

Deoptimization events (20 events):
Event: 16.748 Thread 0x00000270d9125800 DEOPT PACKING pc=0x00000270cdb96c08 sp=0x0000008fa5ffe0f0
Event: 16.748 Thread 0x00000270d9125800 DEOPT UNPACKING pc=0x00000270c60570af sp=0x0000008fa5ffe0b0 mode 2
Event: 17.057 Thread 0x00000270d9125800 Uncommon trap: trap_request=0xffffffde fr.pc=0x00000270cdc2ca30 relative=0x0000000000000410
Event: 17.057 Thread 0x00000270d9125800 Uncommon trap: reason=class_check action=maybe_recompile pc=0x00000270cdc2ca30 method=java.lang.reflect.Executable.declaredAnnotations()Ljava/util/Map; @ 23 c2
Event: 17.057 Thread 0x00000270d9125800 DEOPT PACKING pc=0x00000270cdc2ca30 sp=0x0000008fa5ffe1a0
Event: 17.057 Thread 0x00000270d9125800 DEOPT UNPACKING pc=0x00000270c60570af sp=0x0000008fa5ffe168 mode 2
Event: 17.057 Thread 0x00000270d9125800 Uncommon trap: trap_request=0xffffffde fr.pc=0x00000270cdc2ca30 relative=0x0000000000000410
Event: 17.058 Thread 0x00000270d9125800 Uncommon trap: reason=class_check action=maybe_recompile pc=0x00000270cdc2ca30 method=java.lang.reflect.Executable.declaredAnnotations()Ljava/util/Map; @ 23 c2
Event: 17.058 Thread 0x00000270d9125800 DEOPT PACKING pc=0x00000270cdc2ca30 sp=0x0000008fa5ffe100
Event: 17.058 Thread 0x00000270d9125800 DEOPT UNPACKING pc=0x00000270c60570af sp=0x0000008fa5ffe0d0 mode 2
Event: 17.058 Thread 0x00000270d9125800 Uncommon trap: trap_request=0xffffffde fr.pc=0x00000270cdc2ca30 relative=0x0000000000000410
Event: 17.058 Thread 0x00000270d9125800 Uncommon trap: reason=class_check action=maybe_recompile pc=0x00000270cdc2ca30 method=java.lang.reflect.Executable.declaredAnnotations()Ljava/util/Map; @ 23 c2
Event: 17.058 Thread 0x00000270d9125800 DEOPT PACKING pc=0x00000270cdc2ca30 sp=0x0000008fa5ffe1a0
Event: 17.058 Thread 0x00000270d9125800 DEOPT UNPACKING pc=0x00000270c60570af sp=0x0000008fa5ffe168 mode 2
Event: 17.058 Thread 0x00000270d9125800 Uncommon trap: trap_request=0xffffffde fr.pc=0x00000270cdc2ca30 relative=0x0000000000000410
Event: 17.058 Thread 0x00000270d9125800 Uncommon trap: reason=class_check action=maybe_recompile pc=0x00000270cdc2ca30 method=java.lang.reflect.Executable.declaredAnnotations()Ljava/util/Map; @ 23 c2
Event: 17.058 Thread 0x00000270d9125800 DEOPT PACKING pc=0x00000270cdc2ca30 sp=0x0000008fa5ffe100
Event: 17.058 Thread 0x00000270d9125800 DEOPT UNPACKING pc=0x00000270c60570af sp=0x0000008fa5ffe0d0 mode 2
Event: 17.075 Thread 0x00000270d9976000 DEOPT PACKING pc=0x00000270c6c62aa4 sp=0x0000008fa59fe5c0
Event: 17.075 Thread 0x00000270d9976000 DEOPT UNPACKING pc=0x00000270c6056ece sp=0x0000008fa59fdb60 mode 0

Classes redefined (0 events):
No events

Internal exceptions (20 events):
Event: 6.656 Thread 0x00000270d917d000 Exception <a 'java/lang/NoSuchMethodError'{0x00000000eae36198}: 'java.lang.Object java.lang.invoke.DirectMethodHandle$Holder.invokeSpecial(java.lang.Object, java.lang.Object, int, int, java.lang.Object, java.lang.Object, java.lang.Object)'> (0x00000000eae36198) thrown at [./src/hotspot/share/interpreter/linkResolver.cpp, line 773]
Event: 6.657 Thread 0x00000270d917d000 Exception <a 'java/lang/NoSuchMethodError'{0x00000000eae399d0}: 'java.lang.Object java.lang.invoke.DelegatingMethodHandle$Holder.reinvoke_L(java.lang.Object, int, int, java.lang.Object, java.lang.Object, java.lang.Object)'> (0x00000000eae399d0) thrown at [./src/hotspot/share/interpreter/linkResolver.cpp, line 773]
Event: 6.658 Thread 0x00000270d917d000 Exception <a 'java/lang/NoSuchMethodError'{0x00000000eae3dd50}: 'java.lang.Object java.lang.invoke.DirectMethodHandle$Holder.invokeStatic(java.lang.Object, java.lang.Object, java.lang.Object, java.lang.Object, int)'> (0x00000000eae3dd50) thrown at [./src/hotspot/share/interpreter/linkResolver.cpp, line 773]
Event: 7.936 Thread 0x00000270d917d000 Exception <a 'java/io/FileNotFoundException'{0x00000000eba91a58}> (0x00000000eba91a58) thrown at [./src/hotspot/share/prims/jni.cpp, line 615]
Event: 8.515 Thread 0x00000270d917d000 Exception <a 'java/io/FileNotFoundException'{0x00000000ebf26950}> (0x00000000ebf26950) thrown at [./src/hotspot/share/prims/jni.cpp, line 615]
Event: 10.197 Thread 0x00000270d917d000 Exception <a 'java/lang/NoSuchMethodError'{0x00000000eac93d08}: 'int java.lang.invoke.DirectMethodHandle$Holder.invokeStaticInit(java.lang.Object, java.lang.Object, java.lang.Object)'> (0x00000000eac93d08) thrown at [./src/hotspot/share/interpreter/linkResolver.cpp, line 773]
Event: 10.352 Thread 0x00000270d917d000 Exception <a 'sun/nio/fs/WindowsException'{0x00000000ead61f08}> (0x00000000ead61f08) thrown at [./src/hotspot/share/prims/jni.cpp, line 615]
Event: 11.082 Thread 0x00000270d917d000 Exception <a 'java/lang/ClassNotFoundException'{0x00000000ebcd0f80}: com/sun/org/apache/xerces/internal/impl/msg/spi/DOMMessagesProvider> (0x00000000ebcd0f80) thrown at [./src/hotspot/share/classfile/systemDictionary.cpp, line 231]
Event: 11.113 Thread 0x00000270d917d000 Exception <a 'java/lang/ClassNotFoundException'{0x00000000ebcf22b8}: com/sun/org/apache/xerces/internal/impl/msg/spi/XMLSerializerMessagesProvider> (0x00000000ebcf22b8) thrown at [./src/hotspot/share/classfile/systemDictionary.cpp, line 231]
Event: 11.119 Thread 0x00000270d917d000 Exception <a 'java/lang/ClassNotFoundException'{0x00000000ebd08038}: com/sun/org/apache/xerces/internal/impl/msg/spi/XMLMessagesProvider> (0x00000000ebd08038) thrown at [./src/hotspot/share/classfile/systemDictionary.cpp, line 231]
Event: 11.379 Thread 0x00000270d917d000 Exception <a 'sun/nio/fs/WindowsException'{0x00000000ebe08690}> (0x00000000ebe08690) thrown at [./src/hotspot/share/prims/jni.cpp, line 615]
Event: 11.614 Thread 0x00000270d917d000 Exception <a 'java/lang/ClassNotFoundException'{0x00000000ebf40fa8}: com/sun/org/apache/xml/internal/serializer/spi/XMLEntitiesProvider> (0x00000000ebf40fa8) thrown at [./src/hotspot/share/classfile/systemDictionary.cpp, line 231]
Event: 11.837 Thread 0x00000270d917d000 Exception <a 'java/io/FileNotFoundException'{0x00000000ec1a35a0}> (0x00000000ec1a35a0) thrown at [./src/hotspot/share/prims/jni.cpp, line 615]
Event: 13.634 Thread 0x00000270d917d000 Exception <a 'java/lang/NoSuchMethodError'{0x00000000eae13c28}: 'void java.lang.invoke.DirectMethodHandle$Holder.invokeSpecial(java.lang.Object, java.lang.Object, java.lang.Object, int)'> (0x00000000eae13c28) thrown at [./src/hotspot/share/interpreter/linkResolver.cpp, line 773]
Event: 14.044 Thread 0x00000270d917d000 Exception <a 'java/lang/NoSuchMethodError'{0x00000000eafc2f20}: 'org.slf4j.impl.StaticMDCBinder org.slf4j.impl.StaticMDCBinder.getSingleton()'> (0x00000000eafc2f20) thrown at [./src/hotspot/share/interpreter/linkResolver.cpp, line 773]
Event: 14.402 Thread 0x00000270d917d000 Implicit null exception at 0x00000270cdbbad82 to 0x00000270cdbbbb94
Event: 14.403 Thread 0x00000270d917d000 Implicit null exception at 0x00000270cdbbdf18 to 0x00000270cdbbe548
Event: 14.581 Thread 0x00000270bd94a800 Exception <a 'java/lang/NoSuchMethodError'{0x00000000eb639050}: 'void java.lang.invoke.DirectMethodHandle$Holder.invokeStatic(java.lang.Object, java.lang.Object, java.lang.Object, java.lang.Object)'> (0x00000000eb639050) thrown at [./src/hotspot/share/interpreter/linkResolver.cpp, line 773]
Event: 15.227 Thread 0x00000270d912b800 Exception <a 'java/io/FileNotFoundException'{0x00000000ebd94ca0}> (0x00000000ebd94ca0) thrown at [./src/hotspot/share/prims/jni.cpp, line 615]
Event: 16.288 Thread 0x00000270d912b800 Exception <a 'java/lang/NoSuchMethodError'{0x00000000eb420388}: 'void java.lang.invoke.DirectMethodHandle$Holder.invokeStatic(java.lang.Object, java.lang.Object, java.lang.Object, java.lang.Object, java.lang.Object, java.lang.Object)'> (0x00000000eb420388) thrown at [./src/hotspot/share/interpreter/linkResolver.cpp, line 773]

Events (20 events):
Event: 16.554 loading class org/eclipse/lsp4j/jsonrpc/RemoteEndpoint
Event: 16.554 loading class org/eclipse/lsp4j/jsonrpc/RemoteEndpoint done
Event: 16.554 loading class org/eclipse/lsp4j/jsonrpc/RemoteEndpoint
Event: 16.554 loading class org/eclipse/lsp4j/jsonrpc/RemoteEndpoint done
Event: 16.564 Executing VM operation: RevokeBias
Event: 16.565 Executing VM operation: RevokeBias done
Event: 16.572 Executing VM operation: RevokeBias
Event: 16.572 Executing VM operation: RevokeBias done
Event: 16.585 Executing VM operation: BulkRevokeBias
Event: 16.588 Executing VM operation: BulkRevokeBias done
Event: 17.001 Executing VM operation: ParallelGCFailedAllocation
Event: 17.008 Executing VM operation: ParallelGCFailedAllocation done
Event: 17.057 Executing VM operation: RevokeBias
Event: 17.057 Executing VM operation: RevokeBias done
Event: 17.057 Executing VM operation: RevokeBias
Event: 17.058 Executing VM operation: RevokeBias done
Event: 17.058 Executing VM operation: RevokeBias
Event: 17.058 Executing VM operation: RevokeBias done
Event: 17.058 Executing VM operation: RevokeBias
Event: 17.058 Executing VM operation: RevokeBias done


Dynamic libraries:
0x00007ff6ad4c0000 - 0x00007ff6ad4cd000 	C:\Program Files\AdoptOpenJDK\jdk-11.0.10.9-hotspot\bin\java.exe
0x00007ffe97420000 - 0x00007ffe97610000 	C:\Windows\SYSTEM32\ntdll.dll
0x00007ffe96ec0000 - 0x00007ffe96f72000 	C:\Windows\System32\KERNEL32.DLL
0x00007ffe945b0000 - 0x00007ffe94855000 	C:\Windows\System32\KERNELBASE.dll
0x00007ffe943a0000 - 0x00007ffe9449a000 	C:\Windows\System32\ucrtbase.dll
0x00007ffe8c560000 - 0x00007ffe8c577000 	C:\Program Files\AdoptOpenJDK\jdk-11.0.10.9-hotspot\bin\jli.dll
0x00007ffe95810000 - 0x00007ffe959a4000 	C:\Windows\System32\USER32.dll
0x00007ffe95320000 - 0x00007ffe95341000 	C:\Windows\System32\win32u.dll
0x00007ffe966d0000 - 0x00007ffe966f6000 	C:\Windows\System32\GDI32.dll
0x00007ffe94860000 - 0x00007ffe949f8000 	C:\Windows\System32\gdi32full.dll
0x00007ffe944c0000 - 0x00007ffe9455e000 	C:\Windows\System32\msvcp_win.dll
0x00007ffe8c4d0000 - 0x00007ffe8c4e5000 	C:\Program Files\AdoptOpenJDK\jdk-11.0.10.9-hotspot\bin\VCRUNTIME140.dll
0x00007ffe752a0000 - 0x00007ffe75524000 	C:\Windows\WinSxS\amd64_microsoft.windows.common-controls_6595b64144ccf1df_6.0.18362.1379_none_9e7ff3b3e45cc0c4\COMCTL32.dll
0x00007ffe971c0000 - 0x00007ffe9725e000 	C:\Windows\System32\msvcrt.dll
0x00007ffe95b90000 - 0x00007ffe95ec7000 	C:\Windows\System32\combase.dll
0x00007ffe954e0000 - 0x00007ffe955ff000 	C:\Windows\System32\RPCRT4.dll
0x00007ffe95290000 - 0x00007ffe95311000 	C:\Windows\System32\bcryptPrimitives.dll
0x00007ffe95af0000 - 0x00007ffe95b1e000 	C:\Windows\System32\IMM32.DLL
0x00007ffe8ab80000 - 0x00007ffe8ac1b000 	C:\Program Files\AdoptOpenJDK\jdk-11.0.10.9-hotspot\bin\msvcp140.dll
0x00007ffe559b0000 - 0x00007ffe564f3000 	C:\Program Files\AdoptOpenJDK\jdk-11.0.10.9-hotspot\bin\server\jvm.dll
0x00007ffe95a40000 - 0x00007ffe95ae3000 	C:\Windows\System32\ADVAPI32.dll
0x00007ffe970a0000 - 0x00007ffe97137000 	C:\Windows\System32\sechost.dll
0x00007ffe954d0000 - 0x00007ffe954d8000 	C:\Windows\System32\PSAPI.DLL
0x00007ffe91ae0000 - 0x00007ffe91ae9000 	C:\Windows\SYSTEM32\WSOCK32.dll
0x00007ffe959d0000 - 0x00007ffe95a3f000 	C:\Windows\System32\WS2_32.dll
0x00007ffe880d0000 - 0x00007ffe880f4000 	C:\Windows\SYSTEM32\WINMM.dll
0x00007ffe8aa80000 - 0x00007ffe8aa8a000 	C:\Windows\SYSTEM32\VERSION.dll
0x00007ffe880a0000 - 0x00007ffe880cd000 	C:\Windows\SYSTEM32\WINMMBASE.dll
0x00007ffe94560000 - 0x00007ffe945aa000 	C:\Windows\System32\cfgmgr32.dll
0x00007ffe942e0000 - 0x00007ffe942f1000 	C:\Windows\System32\kernel.appcore.dll
0x00007ffe91820000 - 0x00007ffe91830000 	C:\Program Files\AdoptOpenJDK\jdk-11.0.10.9-hotspot\bin\verify.dll
0x00007ffe92c20000 - 0x00007ffe92e14000 	C:\Windows\SYSTEM32\DBGHELP.DLL
0x00007ffe885a0000 - 0x00007ffe885ca000 	C:\Windows\SYSTEM32\dbgcore.DLL
0x00007ffe8c4a0000 - 0x00007ffe8c4c8000 	C:\Program Files\AdoptOpenJDK\jdk-11.0.10.9-hotspot\bin\java.dll
0x00007ffe91040000 - 0x00007ffe9104a000 	C:\Program Files\AdoptOpenJDK\jdk-11.0.10.9-hotspot\bin\jimage.dll
0x00007ffe8af70000 - 0x00007ffe8af87000 	C:\Program Files\AdoptOpenJDK\jdk-11.0.10.9-hotspot\bin\zip.dll
0x00007ffe96700000 - 0x00007ffe96de8000 	C:\Windows\System32\SHELL32.dll
0x00007ffe96f80000 - 0x00007ffe97027000 	C:\Windows\System32\shcore.dll
0x00007ffe94b10000 - 0x00007ffe9528b000 	C:\Windows\System32\windows.storage.dll
0x00007ffe94370000 - 0x00007ffe94393000 	C:\Windows\System32\profapi.dll
0x00007ffe94300000 - 0x00007ffe9434a000 	C:\Windows\System32\powrprof.dll
0x00007ffe942d0000 - 0x00007ffe942e0000 	C:\Windows\System32\UMPDC.dll
0x00007ffe95b30000 - 0x00007ffe95b82000 	C:\Windows\System32\shlwapi.dll
0x00007ffe944a0000 - 0x00007ffe944b7000 	C:\Windows\System32\cryptsp.dll
0x00007ffe8af30000 - 0x00007ffe8af49000 	C:\Program Files\AdoptOpenJDK\jdk-11.0.10.9-hotspot\bin\net.dll
0x00007ffe88950000 - 0x00007ffe88a40000 	C:\Windows\SYSTEM32\WINHTTP.dll
0x00007ffe93aa0000 - 0x00007ffe93b07000 	C:\Windows\system32\mswsock.dll
0x00007ffe8af10000 - 0x00007ffe8af22000 	C:\Program Files\AdoptOpenJDK\jdk-11.0.10.9-hotspot\bin\nio.dll
0x00007ffe93620000 - 0x00007ffe93653000 	C:\Windows\system32\rsaenh.dll
0x00007ffe95350000 - 0x00007ffe95376000 	C:\Windows\System32\bcrypt.dll
0x00007ffe94180000 - 0x00007ffe941a5000 	C:\Windows\SYSTEM32\USERENV.dll
0x00007ffe93c70000 - 0x00007ffe93c7c000 	C:\Windows\SYSTEM32\CRYPTBASE.dll
0x00007ffe937b0000 - 0x00007ffe937ea000 	C:\Windows\SYSTEM32\IPHLPAPI.DLL
0x00007ffe97090000 - 0x00007ffe97098000 	C:\Windows\System32\NSI.dll
0x00007ffe89220000 - 0x00007ffe89236000 	C:\Windows\SYSTEM32\dhcpcsvc6.DLL
0x00007ffe89090000 - 0x00007ffe890ac000 	C:\Windows\SYSTEM32\dhcpcsvc.DLL
0x00007ffe937f0000 - 0x00007ffe938bb000 	C:\Windows\SYSTEM32\DNSAPI.dll
0x00007ffe8ac90000 - 0x00007ffe8acb9000 	C:\Users\PC\AppData\Roaming\Code\User\globalStorage\redhat.java\0.76.0\config_win\org.eclipse.equinox.launcher\org.eclipse.equinox.launcher.win32.win32.x86_64_1.2.100.v20210209-1541\eclipse_11301.dll

dbghelp: loaded successfully - version: 4.0.5 - missing functions: none
symbol engine: initialized successfully - sym options: 0x614 - pdb path: .;C:\Program Files\AdoptOpenJDK\jdk-11.0.10.9-hotspot\bin;C:\Windows\SYSTEM32;C:\Windows\WinSxS\amd64_microsoft.windows.common-controls_6595b64144ccf1df_6.0.18362.1379_none_9e7ff3b3e45cc0c4;C:\Program Files\AdoptOpenJDK\jdk-11.0.10.9-hotspot\bin\server;C:\Users\PC\AppData\Roaming\Code\User\globalStorage\redhat.java\0.76.0\config_win\org.eclipse.equinox.launcher\org.eclipse.equinox.launcher.win32.win32.x86_64_1.2.100.v20210209-1541

VM Arguments:
jvm_args: --add-modules=ALL-SYSTEM --add-opens=java.base/java.util=ALL-UNNAMED --add-opens=java.base/java.lang=ALL-UNNAMED -Declipse.application=org.eclipse.jdt.ls.core.id1 -Dosgi.bundles.defaultStartLevel=4 -Declipse.product=org.eclipse.jdt.ls.core.product -Dfile.encoding=utf8 -DwatchParentProcess=false -XX:+UseParallelGC -XX:GCTimeRatio=4 -XX:AdaptiveSizePolicyWeight=90 -Dsun.zip.disableMemoryMapping=true -Xmx1G -Xms100m -Xverify:none 
java_command: c:\Users\PC\.vscode\extensions\redhat.java-0.76.0\server\plugins\org.eclipse.equinox.launcher_1.6.100.v20201223-0822.jar -configuration c:\Users\PC\AppData\Roaming\Code\User\globalStorage\redhat.java\0.76.0\config_win -data c:\Users\PC\AppData\Roaming\Code\User\workspaceStorage\0a6a7375618538f81f37d181b7356574\redhat.java\jdt_ws
java_class_path (initial): c:\Users\PC\.vscode\extensions\redhat.java-0.76.0\server\plugins\org.eclipse.equinox.launcher_1.6.100.v20201223-0822.jar
Launcher Type: SUN_STANDARD

[Global flags]
    uintx AdaptiveSizePolicyWeight                 = 90                                        {product} {command line}
     bool BytecodeVerificationLocal                = false                                     {product} {command line}
     bool BytecodeVerificationRemote               = false                                     {product} {command line}
     intx CICompilerCount                          = 3                                         {product} {ergonomic}
    uintx GCTimeRatio                              = 4                                         {product} {command line}
   size_t InitialHeapSize                          = 104857600                                 {product} {command line}
   size_t MaxHeapSize                              = 1073741824                                {product} {command line}
   size_t MaxNewSize                               = 357564416                                 {product} {ergonomic}
   size_t MinHeapDeltaBytes                        = 524288                                    {product} {ergonomic}
   size_t NewSize                                  = 34603008                                  {product} {ergonomic}
    uintx NonNMethodCodeHeapSize                   = 5830732                                {pd product} {ergonomic}
    uintx NonProfiledCodeHeapSize                  = 122913754                              {pd product} {ergonomic}
   size_t OldSize                                  = 70254592                                  {product} {ergonomic}
    uintx ProfiledCodeHeapSize                     = 122913754                              {pd product} {ergonomic}
    uintx ReservedCodeCacheSize                    = 251658240                              {pd product} {ergonomic}
     bool SegmentedCodeCache                       = true                                      {product} {ergonomic}
     bool UseCompressedClassPointers               = true                                 {lp64_product} {ergonomic}
     bool UseCompressedOops                        = true                                 {lp64_product} {ergonomic}
     bool UseLargePagesIndividualAllocation        = false                                  {pd product} {ergonomic}
     bool UseParallelGC                            = true                                      {product} {command line}

Logging:
Log output configuration:
 #0: stdout all=warning uptime,level,tags
 #1: stderr all=off uptime,level,tags

Environment Variables:
PATH=C:\Program Files\AdoptOpenJDK\jdk-11.0.10.9-hotspot\bin;C:\Program Files (x86)\VMware\VMware Player\bin\;C:\Program Files (x86)\NetSarang\Xshell 6\;C:\Program Files (x86)\NetSarang\Xshell 7\;C:\Windows\system32;C:\Windows;C:\Windows\System32\Wbem;C:\Windows\System32\WindowsPowerShell\v1.0\;C:\Windows\System32\OpenSSH\;D:\software\jdk8\bin;C:\Program Files\MySQL\MySQL Server 8.0\bin;D:\vedioSystem_related\apache-maven-3.6.3\bin;C:\Program Files\Git\cmd;D:\sts471workSpace\spring-boot-jwt-master-gateway\nginx;C:\Program Files\nodejs\;C:\Users\PC\AppData\Roaming\npm\node_modules\cnpm\bin;C:\Program Files\MySQL\MySQL Shell 8.0\bin\;C:\Users\PC\AppData\Local\Microsoft\WindowsApps;C:\Users\PC\AppData\Local\GitHubDesktop\bin;C:\Program Files (x86)\GitHub CLI\;C:\Users\PC\AppData\Local\Programs\Microsoft VS Code\bin;C:\Users\PC\AppData\Roaming\npm
USERNAME=PC
LANG=zh_CN
OS=Windows_NT
PROCESSOR_IDENTIFIER=Intel64 Family 6 Model 78 Stepping 3, GenuineIntel



---------------  S Y S T E M  ---------------

OS: Windows 10 , 64 bit Build 18362 (10.0.18362.1350)
OS uptime: 20 days 15:31 hours

CPU:total 4 (initial active 4) (2 cores per cpu, 2 threads per core) family 6 model 78 stepping 3 microcode 0xcc, cmov, cx8, fxsr, mmx, sse, sse2, sse3, ssse3, sse4.1, sse4.2, popcnt, avx, avx2, aes, clmul, erms, 3dnowpref, lzcnt, ht, tsc, tscinvbit, bmi1, bmi2, adx, fma

Memory: 4k page, system-wide physical 8072M (223M free)
TotalPageFile size 24546M (AvailPageFile size 1M)
current process WorkingSet (physical memory assigned to process): 159M, peak: 159M
current process commit charge ("private bytes"): 253M, peak: 255M

vm_info: OpenJDK 64-Bit Server VM (11.0.10+9) for windows-amd64 JRE (11.0.10+9), built on Jan 20 2021 06:07:07 by "" with MS VC++ 15.9 (VS2017)

END.
